openCVLibrary3_2_0/build/outputs/logs/manifest-merger-debug-report.txt
-- Merging decision tree log ---
manifest
ADDED from src/main/AndroidManifest.xml:2:1-8:12
INJECTED from src/main/AndroidManifest.xml:2:1-8:12
INJECTED from src/main/AndroidManifest.xml:2:1-8:12
INJECTED from src/main/AndroidManifest.xml:2:1-8:12
INJECTED from src/main/AndroidManifest.xml:2:1-8:12
INJECTED from src/main/AndroidManifest.xml:2:1-8:12
INJECTED from src/main/AndroidManifest.xml:2:1-8:12
	package
		ADDED from src/main/AndroidManifest.xml:3:1-21
		INJECTED from src/main/AndroidManifest.xml
		INJECTED from src/main/AndroidManifest.xml
	android:versionName
		ADDED from src/main/AndroidManifest.xml:5:1-28
		INJECTED from src/main/AndroidManifest.xml
		INJECTED from src/main/AndroidManifest.xml
	xmlns:android
		ADDED from src/main/AndroidManifest.xml:2:11-69
	android:versionCode
		ADDED from src/main/AndroidManifest.xml:4:1-27
		INJECTED from src/main/AndroidManifest.xml
		INJECTED from src/main/AndroidManifest.xml
uses-sdk
ADDED from src/main/AndroidManifest.xml:7:1-69
INJECTED from src/main/AndroidManifest.xml:7:1-69
INJECTED from src/main/AndroidManifest.xml:7:1-69
INJECTED from src/main/AndroidManifest.xml:7:1-69
INJECTED from src/main/AndroidManifest.xml:7:1-69
	android:targetSdkVersion
		ADDED from src/main/AndroidManifest.xml:7:37-66
		INJECTED from src/main/AndroidManifest.xml
		INJECTED from src/main/AndroidManifest.xml
	android:minSdkVersion
		ADDED from src/main/AndroidManifest.xml:7:11-36
		INJECTED from src/main/AndroidManifest.xml
		INJECTED from src/main/AndroidManifest.xml